Using pre-set license
Built from '2021.3/staging' branch; Version is '2021.3.18f1 (3129e69bc0c7) revision 3221990'; Using compiler version '192829333'; Build Type 'Release'
OS: 'Windows 10  (10.0.19045) 64bit CoreSingleLanguage' Language: 'es' Physical Memory: 24385 MB
BatchMode: 1, IsHumanControllingUs: 0, StartBugReporterOnCrash: 0, Is64bit: 1, IsPro: 1

COMMAND LINE ARGUMENTS:
D:\Archivos del programa\Unity Hub\Editor\2021.3.18f1\Editor\Unity.exe
-adb2
-batchMode
-noUpm
-name
AssetImportWorker0
-projectPath
D:/NuevosRepositoriosGit/ARPP
-logFile
Logs/AssetImportWorker0.log
-srvPort
56636
Successfully changed project path to: D:/NuevosRepositoriosGit/ARPP
D:/NuevosRepositoriosGit/ARPP
[UnityMemory] Configuration Parameters - Can be set up in boot.config
    "memorysetup-bucket-allocator-granularity=16"
    "memorysetup-bucket-allocator-bucket-count=8"
    "memorysetup-bucket-allocator-block-size=33554432"
    "memorysetup-bucket-allocator-block-count=8"
    "memorysetup-main-allocator-block-size=16777216"
    "memorysetup-thread-allocator-block-size=16777216"
    "memorysetup-gfx-main-allocator-block-size=16777216"
    "memorysetup-gfx-thread-allocator-block-size=16777216"
    "memorysetup-cache-allocator-block-size=4194304"
    "memorysetup-typetree-allocator-block-size=2097152"
    "memorysetup-profiler-bucket-allocator-granularity=16"
    "memorysetup-profiler-bucket-allocator-bucket-count=8"
    "memorysetup-profiler-bucket-allocator-block-size=33554432"
    "memorysetup-profiler-bucket-allocator-block-count=8"
    "memorysetup-profiler-allocator-block-size=16777216"
    "memorysetup-profiler-editor-allocator-block-size=1048576"
    "memorysetup-temp-allocator-size-main=16777216"
    "memorysetup-job-temp-allocator-block-size=2097152"
    "memorysetup-job-temp-allocator-block-size-background=1048576"
    "memorysetup-job-temp-allocator-reduction-small-platforms=262144"
    "memorysetup-temp-allocator-size-background-worker=32768"
    "memorysetup-temp-allocator-size-job-worker=262144"
    "memorysetup-temp-allocator-size-preload-manager=33554432"
    "memorysetup-temp-allocator-size-nav-mesh-worker=65536"
    "memorysetup-temp-allocator-size-audio-worker=65536"
    "memorysetup-temp-allocator-size-cloud-worker=32768"
    "memorysetup-temp-allocator-size-gi-baking-worker=262144"
    "memorysetup-temp-allocator-size-gfx=262144"
Player connection [27932] Host "[IP] 172.16.38.92 [Port] 0 [Flags] 2 [Guid] 1368596858 [EditorId] 1368596858 [Version] 1048832 [Id] WindowsEditor(7,DESKTOP-95DJD76) [Debug] 1 [PackageName] WindowsEditor [ProjectName] Editor" joined multi-casting on [225.0.0.222:54997]...

Player connection [27932] Host "[IP] 172.16.38.92 [Port] 0 [Flags] 2 [Guid] 1368596858 [EditorId] 1368596858 [Version] 1048832 [Id] WindowsEditor(7,DESKTOP-95DJD76) [Debug] 1 [PackageName] WindowsEditor [ProjectName] Editor" joined alternative multi-casting on [225.0.0.222:34997]...

Refreshing native plugins compatible for Editor in 137.56 ms, found 4 plugins.
Preloading 0 native plugins for Editor in 0.00 ms.
Initialize engine version: 2021.3.18f1 (3129e69bc0c7)
[Subsystems] Discovering subsystems at path D:/Archivos del programa/Unity Hub/Editor/2021.3.18f1/Editor/Data/Resources/UnitySubsystems
[Subsystems] Discovering subsystems at path D:/NuevosRepositoriosGit/ARPP/Assets
GfxDevice: creating device client; threaded=0; jobified=0
Direct3D:
    Version:  Direct3D 11.0 [level 11.1]
    Renderer: NVIDIA GeForce GTX 1650 (ID=0x1f91)
    Vendor:   NVIDIA
    VRAM:     3962 MB
    Driver:   30.0.15.1278
Initialize mono
Mono path[0] = 'D:/Archivos del programa/Unity Hub/Editor/2021.3.18f1/Editor/Data/Managed'
Mono path[1] = 'D:/Archivos del programa/Unity Hub/Editor/2021.3.18f1/Editor/Data/MonoBleedingEdge/lib/mono/unityjit-win32'
Mono config path = 'D:/Archivos del programa/Unity Hub/Editor/2021.3.18f1/Editor/Data/MonoBleedingEdge/etc'
Using monoOptions --debugger-agent=transport=dt_socket,embedding=1,server=y,suspend=n,address=127.0.0.1:56552
Begin MonoManager ReloadAssembly
Registering precompiled unity dll's ...
Register platform support module: D:/Archivos del programa/Unity Hub/Editor/2021.3.18f1/Editor/Data/PlaybackEngines/AndroidPlayer/UnityEditor.Android.Extensions.dll
Register platform support module: D:/Archivos del programa/Unity Hub/Editor/2021.3.18f1/Editor/Data/PlaybackEngines/WindowsStandaloneSupport/UnityEditor.WindowsStandalone.Extensions.dll
Registered in 0.006313 seconds.
Native extension for WindowsStandalone target not found
Native extension for Android target not found
Android Extension - Scanning For ADB Devices 547 ms
Refreshing native plugins compatible for Editor in 132.95 ms, found 4 plugins.
Preloading 0 native plugins for Editor in 0.00 ms.
Mono: successfully reloaded assembly
- Completed reload, in  1.697 seconds
Domain Reload Profiling:
	ReloadAssembly (1698ms)
		BeginReloadAssembly (153ms)
			ExecutionOrderSort (0ms)
			DisableScriptedObjects (0ms)
			BackupInstance (0ms)
			ReleaseScriptingObjects (0ms)
			CreateAndSetChildDomain (1ms)
		EndReloadAssembly (1384ms)
			LoadAssemblies (154ms)
			RebuildTransferFunctionScriptingTraits (0ms)
			SetupTypeCache (202ms)
			ReleaseScriptCaches (0ms)
			RebuildScriptCaches (43ms)
			SetupLoadedEditorAssemblies (1063ms)
				LogAssemblyErrors (0ms)
				InitializePlatformSupportModulesInManaged (681ms)
				SetLoadedEditorAssemblies (0ms)
				RefreshPlugins (133ms)
				BeforeProcessingInitializeOnLoad (2ms)
				ProcessInitializeOnLoadAttributes (167ms)
				ProcessInitializeOnLoadMethodAttributes (80ms)
				AfterProcessingInitializeOnLoad (0ms)
				EditorAssembliesLoaded (0ms)
			ExecutionOrderSort2 (0ms)
			AwakeInstancesAfterBackupRestoration (0ms)
Platform modules already initialized, skipping
Registering precompiled user dll's ...
Registered in 0.011037 seconds.
Begin MonoManager ReloadAssembly
Symbol file LoadedFromMemory doesn't match image D:\NuevosRepositoriosGit\ARPP\Library\PackageCache\com.unity.visualscripting@1.8.0\Editor\VisualScripting.Core\Dependencies\YamlDotNet\Unity.VisualScripting.YamlDotNet.dll
Symbol file LoadedFromMemory doesn't match image D:\NuevosRepositoriosGit\ARPP\Library\PackageCache\com.unity.visualscripting@1.8.0\Editor\VisualScripting.Core\Dependencies\DotNetZip\Unity.VisualScripting.IonicZip.dll
Native extension for WindowsStandalone target not found
Native extension for Android target not found
Refreshing native plugins compatible for Editor in 140.75 ms, found 4 plugins.
Preloading 0 native plugins for Editor in 0.00 ms.
Mono: successfully reloaded assembly
- Completed reload, in  2.034 seconds
Domain Reload Profiling:
	ReloadAssembly (2036ms)
		BeginReloadAssembly (228ms)
			ExecutionOrderSort (0ms)
			DisableScriptedObjects (9ms)
			BackupInstance (0ms)
			ReleaseScriptingObjects (0ms)
			CreateAndSetChildDomain (37ms)
		EndReloadAssembly (1617ms)
			LoadAssemblies (200ms)
			RebuildTransferFunctionScriptingTraits (0ms)
			SetupTypeCache (396ms)
			ReleaseScriptCaches (1ms)
			RebuildScriptCaches (111ms)
			SetupLoadedEditorAssemblies (854ms)
				LogAssemblyErrors (0ms)
				InitializePlatformSupportModulesInManaged (28ms)
				SetLoadedEditorAssemblies (0ms)
				RefreshPlugins (141ms)
				BeforeProcessingInitializeOnLoad (139ms)
				ProcessInitializeOnLoadAttributes (443ms)
				ProcessInitializeOnLoadMethodAttributes (97ms)
				AfterProcessingInitializeOnLoad (5ms)
				EditorAssembliesLoaded (0ms)
			ExecutionOrderSort2 (0ms)
			AwakeInstancesAfterBackupRestoration (11ms)
Platform modules already initialized, skipping
========================================================================
Worker process is ready to serve import requests
Launched and connected shader compiler UnityShaderCompiler.exe after 0.09 seconds
Refreshing native plugins compatible for Editor in 1.97 ms, found 4 plugins.
Preloading 0 native plugins for Editor in 0.00 ms.
Unloading 3750 Unused Serialized files (Serialized files now loaded: 0)
Unloading 35 unused Assets / (56.5 KB). Loaded Objects now: 4211.
Memory consumption went from 144.9 MB to 144.9 MB.
Total: 9.862200 ms (FindLiveObjects: 0.950200 ms CreateObjectMapping: 0.515300 ms MarkObjects: 8.098600 ms  DeleteObjects: 0.294900 ms)

AssetImportParameters requested are different than current active one (requested -> active):
  custom:video-decoder-ogg-theora: a1e56fd34408186e4bbccfd4996cb3dc -> 
  custom:container-muxer-webm: aa71ff27fc2769a1b78a27578f13a17b -> 
  custom:container-demuxer-webm: 4f35f7cbe854078d1ac9338744f61a02 -> 
  custom:video-encoder-webm-vp8: eb34c28f22e8b96e1ab97ce403110664 -> 
  custom:audio-encoder-webm-vorbis: bf7c407c2cedff20999df2af8eb42d56 -> 
  custom:framework-win-MediaFoundation: 216162199b28c13a410421893ffa2e32 -> 
  custom:container-demuxer-ogg: 62fdf1f143b41e24485cea50d1cbac27 -> 
  custom:video-decoder-webm-vp8: 9c59270c3fd7afecdb556c50c9e8de78 -> 
  custom:audio-decoder-ogg-vorbis: bf7c407c2cedff20999df2af8eb42d56 -> 
========================================================================
Received Import Request.
  Time since last request: 341900.485028 seconds.
  path: Assets/Scripts/Sigilo/ConoDeVision.cs
  artifactKey: Guid(2547a3f3f239c714bbc4e6062ae5472c) Importer(815301076,1909f56bfc062723c751e8b465ee728b)
Start importing Assets/Scripts/Sigilo/ConoDeVision.cs using Guid(2547a3f3f239c714bbc4e6062ae5472c) Importer(815301076,1909f56bfc062723c751e8b465ee728b)  -> (artifact id: 'd44058a6f9cece1c1aeec4af962e9c8a') in 0.053849 seconds 
========================================================================
Received Import Request.
  Time since last request: 225.672358 seconds.
  path: Assets/Scenes/Sigilo.unity
  artifactKey: Guid(2cda990e2423bbf4892e6590ba056729) Importer(815301076,1909f56bfc062723c751e8b465ee728b)
Start importing Assets/Scenes/Sigilo.unity using Guid(2cda990e2423bbf4892e6590ba056729) Importer(815301076,1909f56bfc062723c751e8b465ee728b)  -> (artifact id: 'f003c009e5fece2c2d5dad01b74ba5a8') in 0.012152 seconds 
========================================================================
Received Prepare
Registering precompiled user dll's ...
Registered in 0.012672 seconds.
Begin MonoManager ReloadAssembly
Symbol file LoadedFromMemory doesn't match image D:\NuevosRepositoriosGit\ARPP\Library\PackageCache\com.unity.visualscripting@1.8.0\Editor\VisualScripting.Core\Dependencies\YamlDotNet\Unity.VisualScripting.YamlDotNet.dll
Symbol file LoadedFromMemory doesn't match image D:\NuevosRepositoriosGit\ARPP\Library\PackageCache\com.unity.visualscripting@1.8.0\Editor\VisualScripting.Core\Dependencies\DotNetZip\Unity.VisualScripting.IonicZip.dll
Native extension for WindowsStandalone target not found
Native extension for Android target not found
Refreshing native plugins compatible for Editor in 2.27 ms, found 4 plugins.
Preloading 0 native plugins for Editor in 0.00 ms.
Mono: successfully reloaded assembly
- Completed reload, in  2.478 seconds
Domain Reload Profiling:
	ReloadAssembly (2479ms)
		BeginReloadAssembly (327ms)
			ExecutionOrderSort (0ms)
			DisableScriptedObjects (13ms)
			BackupInstance (0ms)
			ReleaseScriptingObjects (0ms)
			CreateAndSetChildDomain (77ms)
		EndReloadAssembly (1906ms)
			LoadAssemblies (283ms)
			RebuildTransferFunctionScriptingTraits (0ms)
			SetupTypeCache (571ms)
			ReleaseScriptCaches (2ms)
			RebuildScriptCaches (122ms)
			SetupLoadedEditorAssemblies (811ms)
				LogAssemblyErrors (0ms)
				InitializePlatformSupportModulesInManaged (68ms)
				SetLoadedEditorAssemblies (1ms)
				RefreshPlugins (2ms)
				BeforeProcessingInitializeOnLoad (156ms)
				ProcessInitializeOnLoadAttributes (484ms)
				ProcessInitializeOnLoadMethodAttributes (91ms)
				AfterProcessingInitializeOnLoad (8ms)
				EditorAssembliesLoaded (0ms)
			ExecutionOrderSort2 (0ms)
			AwakeInstancesAfterBackupRestoration (20ms)
Platform modules already initialized, skipping
Refreshing native plugins compatible for Editor in 10.68 ms, found 4 plugins.
Preloading 0 native plugins for Editor in 0.00 ms.
Unloading 3726 Unused Serialized files (Serialized files now loaded: 0)
Unloading 22 unused Assets / (24.7 KB). Loaded Objects now: 4214.
Memory consumption went from 142.5 MB to 142.5 MB.
Total: 12.263000 ms (FindLiveObjects: 0.739300 ms CreateObjectMapping: 1.133600 ms MarkObjects: 10.290300 ms  DeleteObjects: 0.098000 ms)

AssetImportParameters requested are different than current active one (requested -> active):
  custom:video-decoder-ogg-theora: a1e56fd34408186e4bbccfd4996cb3dc -> 
  custom:container-muxer-webm: aa71ff27fc2769a1b78a27578f13a17b -> 
  custom:container-demuxer-webm: 4f35f7cbe854078d1ac9338744f61a02 -> 
  custom:video-encoder-webm-vp8: eb34c28f22e8b96e1ab97ce403110664 -> 
  custom:audio-encoder-webm-vorbis: bf7c407c2cedff20999df2af8eb42d56 -> 
  custom:framework-win-MediaFoundation: 216162199b28c13a410421893ffa2e32 -> 
  custom:container-demuxer-ogg: 62fdf1f143b41e24485cea50d1cbac27 -> 
  custom:video-decoder-webm-vp8: 9c59270c3fd7afecdb556c50c9e8de78 -> 
  custom:audio-decoder-ogg-vorbis: bf7c407c2cedff20999df2af8eb42d56 -> 
========================================================================
Received Import Request.
  Time since last request: 122.544350 seconds.
  path: Assets/Scenes
  artifactKey: Guid(131a6b21c8605f84396be9f6751fb6e3) Importer(815301076,1909f56bfc062723c751e8b465ee728b)
Start importing Assets/Scenes using Guid(131a6b21c8605f84396be9f6751fb6e3) Importer(815301076,1909f56bfc062723c751e8b465ee728b)  -> (artifact id: '4935f35005d3ccd51bf39964504ff1b7') in 0.021148 seconds 
========================================================================
Received Import Request.
  Time since last request: 10.747546 seconds.
  path: Assets/Scenes/Obstaculos.unity
  artifactKey: Guid(d603543f75ee4ac4787aca7b0a8934bd) Importer(815301076,1909f56bfc062723c751e8b465ee728b)
Start importing Assets/Scenes/Obstaculos.unity using Guid(d603543f75ee4ac4787aca7b0a8934bd) Importer(815301076,1909f56bfc062723c751e8b465ee728b)  -> (artifact id: '038da4f83e56067f28b556951a56b8a3') in 0.010010 seconds 
========================================================================
Received Import Request.
  Time since last request: 13.940682 seconds.
  path: Assets/Scripts/Obstaculos
  artifactKey: Guid(4fd3509e9c2f57641b4cfcef24bb490d) Importer(815301076,1909f56bfc062723c751e8b465ee728b)
Start importing Assets/Scripts/Obstaculos using Guid(4fd3509e9c2f57641b4cfcef24bb490d) Importer(815301076,1909f56bfc062723c751e8b465ee728b)  -> (artifact id: 'cd58cd40140cb87e9edae48f15159506') in 0.010716 seconds 
========================================================================
Received Import Request.
  Time since last request: 10.862618 seconds.
  path: Assets/Scripts/Obstaculos/Obstaculos.cs
  artifactKey: Guid(3fb0e7c6f23d1cc418526949f18af90b) Importer(815301076,1909f56bfc062723c751e8b465ee728b)
Start importing Assets/Scripts/Obstaculos/Obstaculos.cs using Guid(3fb0e7c6f23d1cc418526949f18af90b) Importer(815301076,1909f56bfc062723c751e8b465ee728b)  -> (artifact id: 'e45311e02242f39ed2b960231d62a5db') in 0.003636 seconds 
========================================================================
Received Prepare
Registering precompiled user dll's ...
Registered in 0.011750 seconds.
Begin MonoManager ReloadAssembly
Symbol file LoadedFromMemory doesn't match image D:\NuevosRepositoriosGit\ARPP\Library\PackageCache\com.unity.visualscripting@1.8.0\Editor\VisualScripting.Core\Dependencies\YamlDotNet\Unity.VisualScripting.YamlDotNet.dll
Symbol file LoadedFromMemory doesn't match image D:\NuevosRepositoriosGit\ARPP\Library\PackageCache\com.unity.visualscripting@1.8.0\Editor\VisualScripting.Core\Dependencies\DotNetZip\Unity.VisualScripting.IonicZip.dll
Native extension for WindowsStandalone target not found
Native extension for Android target not found
Refreshing native plugins compatible for Editor in 1.21 ms, found 4 plugins.
Preloading 0 native plugins for Editor in 0.00 ms.
Mono: successfully reloaded assembly
- Completed reload, in  1.750 seconds
Domain Reload Profiling:
	ReloadAssembly (1751ms)
		BeginReloadAssembly (266ms)
			ExecutionOrderSort (0ms)
			DisableScriptedObjects (15ms)
			BackupInstance (0ms)
			ReleaseScriptingObjects (0ms)
			CreateAndSetChildDomain (61ms)
		EndReloadAssembly (1306ms)
			LoadAssemblies (205ms)
			RebuildTransferFunctionScriptingTraits (0ms)
			SetupTypeCache (410ms)
			ReleaseScriptCaches (2ms)
			RebuildScriptCaches (80ms)
			SetupLoadedEditorAssemblies (546ms)
				LogAssemblyErrors (0ms)
				InitializePlatformSupportModulesInManaged (41ms)
				SetLoadedEditorAssemblies (1ms)
				RefreshPlugins (1ms)
				BeforeProcessingInitializeOnLoad (109ms)
				ProcessInitializeOnLoadAttributes (320ms)
				ProcessInitializeOnLoadMethodAttributes (66ms)
				AfterProcessingInitializeOnLoad (7ms)
				EditorAssembliesLoaded (0ms)
			ExecutionOrderSort2 (0ms)
			AwakeInstancesAfterBackupRestoration (15ms)
Platform modules already initialized, skipping
Refreshing native plugins compatible for Editor in 6.36 ms, found 4 plugins.
Preloading 0 native plugins for Editor in 0.00 ms.
Unloading 3727 Unused Serialized files (Serialized files now loaded: 0)
Unloading 22 unused Assets / (24.6 KB). Loaded Objects now: 4218.
Memory consumption went from 142.5 MB to 142.5 MB.
Total: 5.061100 ms (FindLiveObjects: 0.424500 ms CreateObjectMapping: 0.280300 ms MarkObjects: 4.306000 ms  DeleteObjects: 0.048000 ms)

AssetImportParameters requested are different than current active one (requested -> active):
  custom:video-decoder-ogg-theora: a1e56fd34408186e4bbccfd4996cb3dc -> 
  custom:container-muxer-webm: aa71ff27fc2769a1b78a27578f13a17b -> 
  custom:container-demuxer-webm: 4f35f7cbe854078d1ac9338744f61a02 -> 
  custom:video-encoder-webm-vp8: eb34c28f22e8b96e1ab97ce403110664 -> 
  custom:audio-encoder-webm-vorbis: bf7c407c2cedff20999df2af8eb42d56 -> 
  custom:framework-win-MediaFoundation: 216162199b28c13a410421893ffa2e32 -> 
  custom:container-demuxer-ogg: 62fdf1f143b41e24485cea50d1cbac27 -> 
  custom:video-decoder-webm-vp8: 9c59270c3fd7afecdb556c50c9e8de78 -> 
  custom:audio-decoder-ogg-vorbis: bf7c407c2cedff20999df2af8eb42d56 -> 
========================================================================
Received Import Request.
  Time since last request: 38.761463 seconds.
  path: Assets/Scripts/Obstaculos/Obstaculos.cs
  artifactKey: Guid(3fb0e7c6f23d1cc418526949f18af90b) Importer(815301076,1909f56bfc062723c751e8b465ee728b)
Start importing Assets/Scripts/Obstaculos/Obstaculos.cs using Guid(3fb0e7c6f23d1cc418526949f18af90b) Importer(815301076,1909f56bfc062723c751e8b465ee728b)  -> (artifact id: '9aa0eacfc4c0c819988eafab55189414') in 0.013180 seconds 
========================================================================
Received Import Request.
  Time since last request: 6.909399 seconds.
  path: Assets/Scripts/Obstaculos/Obstaculos.cs
  artifactKey: Guid(3fb0e7c6f23d1cc418526949f18af90b) Importer(815301076,1909f56bfc062723c751e8b465ee728b)
Start importing Assets/Scripts/Obstaculos/Obstaculos.cs using Guid(3fb0e7c6f23d1cc418526949f18af90b) Importer(815301076,1909f56bfc062723c751e8b465ee728b)  -> (artifact id: '455c5013eea73fcf92c8371921f36533') in 0.004788 seconds 
========================================================================
Received Import Request.
  Time since last request: 26.572821 seconds.
  path: Assets/Scripts/Obstaculos/Obstaculos.cs
  artifactKey: Guid(3fb0e7c6f23d1cc418526949f18af90b) Importer(815301076,1909f56bfc062723c751e8b465ee728b)
Start importing Assets/Scripts/Obstaculos/Obstaculos.cs using Guid(3fb0e7c6f23d1cc418526949f18af90b) Importer(815301076,1909f56bfc062723c751e8b465ee728b)  -> (artifact id: '577bf5dcffe9a918d167a247efd7d695') in 0.004046 seconds 
========================================================================
Received Import Request.
  Time since last request: 371.416181 seconds.
  path: Assets/Scripts/Obstaculos/Obstaculos.cs
  artifactKey: Guid(3fb0e7c6f23d1cc418526949f18af90b) Importer(815301076,1909f56bfc062723c751e8b465ee728b)
Start importing Assets/Scripts/Obstaculos/Obstaculos.cs using Guid(3fb0e7c6f23d1cc418526949f18af90b) Importer(815301076,1909f56bfc062723c751e8b465ee728b)  -> (artifact id: '5efaa0dbadb4d584c1f3e845e0eaa642') in 0.004334 seconds 
========================================================================
Received Import Request.
  Time since last request: 8.499322 seconds.
  path: Assets/Scripts/Obstaculos/Obstaculos.cs
  artifactKey: Guid(3fb0e7c6f23d1cc418526949f18af90b) Importer(815301076,1909f56bfc062723c751e8b465ee728b)
Start importing Assets/Scripts/Obstaculos/Obstaculos.cs using Guid(3fb0e7c6f23d1cc418526949f18af90b) Importer(815301076,1909f56bfc062723c751e8b465ee728b)  -> (artifact id: '79c0b06828a33c5df8e2c8e84cea88bd') in 0.003915 seconds 
========================================================================
Received Import Request.
  Time since last request: 11.628891 seconds.
  path: Assets/Scripts/Obstaculos/Obstaculos.cs
  artifactKey: Guid(3fb0e7c6f23d1cc418526949f18af90b) Importer(815301076,1909f56bfc062723c751e8b465ee728b)
Start importing Assets/Scripts/Obstaculos/Obstaculos.cs using Guid(3fb0e7c6f23d1cc418526949f18af90b) Importer(815301076,1909f56bfc062723c751e8b465ee728b)  -> (artifact id: 'cf5d27e2e4009c9ccebaee3e318451b4') in 0.004363 seconds 
========================================================================
Received Import Request.
  Time since last request: 10.222337 seconds.
  path: Assets/Scripts/Obstaculos/Obstaculos.cs
  artifactKey: Guid(3fb0e7c6f23d1cc418526949f18af90b) Importer(815301076,1909f56bfc062723c751e8b465ee728b)
Start importing Assets/Scripts/Obstaculos/Obstaculos.cs using Guid(3fb0e7c6f23d1cc418526949f18af90b) Importer(815301076,1909f56bfc062723c751e8b465ee728b)  -> (artifact id: '3eba7c44cff069310d9a0de88dd817a4') in 0.004616 seconds 
========================================================================
Received Import Request.
  Time since last request: 8.299416 seconds.
  path: Assets/Scripts/Obstaculos/Obstaculos.cs
  artifactKey: Guid(3fb0e7c6f23d1cc418526949f18af90b) Importer(815301076,1909f56bfc062723c751e8b465ee728b)
Start importing Assets/Scripts/Obstaculos/Obstaculos.cs using Guid(3fb0e7c6f23d1cc418526949f18af90b) Importer(815301076,1909f56bfc062723c751e8b465ee728b)  -> (artifact id: '580358578fb34994c39a4d1b7faaa934') in 0.005353 seconds 
========================================================================
Received Import Request.
  Time since last request: 6.110958 seconds.
  path: Assets/Scripts/Obstaculos/Obstaculos.cs
  artifactKey: Guid(3fb0e7c6f23d1cc418526949f18af90b) Importer(815301076,1909f56bfc062723c751e8b465ee728b)
Start importing Assets/Scripts/Obstaculos/Obstaculos.cs using Guid(3fb0e7c6f23d1cc418526949f18af90b) Importer(815301076,1909f56bfc062723c751e8b465ee728b)  -> (artifact id: 'b0ef67efc2bd95286fbda6b8eda163d4') in 0.004298 seconds 
========================================================================
Received Import Request.
  Time since last request: 20.978963 seconds.
  path: Assets/Scripts/Obstaculos/Obstaculos.cs
  artifactKey: Guid(3fb0e7c6f23d1cc418526949f18af90b) Importer(815301076,1909f56bfc062723c751e8b465ee728b)
Start importing Assets/Scripts/Obstaculos/Obstaculos.cs using Guid(3fb0e7c6f23d1cc418526949f18af90b) Importer(815301076,1909f56bfc062723c751e8b465ee728b)  -> (artifact id: 'b32fc3de736bb387df60ef22458e1458') in 0.004076 seconds 
========================================================================
Received Import Request.
  Time since last request: 46.689554 seconds.
  path: Assets/Scripts/Obstaculos/Obstaculos.cs
  artifactKey: Guid(3fb0e7c6f23d1cc418526949f18af90b) Importer(815301076,1909f56bfc062723c751e8b465ee728b)
Start importing Assets/Scripts/Obstaculos/Obstaculos.cs using Guid(3fb0e7c6f23d1cc418526949f18af90b) Importer(815301076,1909f56bfc062723c751e8b465ee728b)  -> (artifact id: 'a10a5f5c85c7f35ec13c1278db6f7c8d') in 0.005673 seconds 
========================================================================
Received Import Request.
  Time since last request: 26.406729 seconds.
  path: Assets/Scripts/Obstaculos/Obstaculos.cs
  artifactKey: Guid(3fb0e7c6f23d1cc418526949f18af90b) Importer(815301076,1909f56bfc062723c751e8b465ee728b)
Start importing Assets/Scripts/Obstaculos/Obstaculos.cs using Guid(3fb0e7c6f23d1cc418526949f18af90b) Importer(815301076,1909f56bfc062723c751e8b465ee728b)  -> (artifact id: 'a0dfe185e8055968454921a0b50318a0') in 0.003703 seconds 
========================================================================
Received Import Request.
  Time since last request: 19.792817 seconds.
  path: Assets/Scripts/Obstaculos/Obstaculos.cs
  artifactKey: Guid(3fb0e7c6f23d1cc418526949f18af90b) Importer(815301076,1909f56bfc062723c751e8b465ee728b)
Start importing Assets/Scripts/Obstaculos/Obstaculos.cs using Guid(3fb0e7c6f23d1cc418526949f18af90b) Importer(815301076,1909f56bfc062723c751e8b465ee728b)  -> (artifact id: '3e70f85115aec06ad8428b3939b858d0') in 0.003789 seconds 
========================================================================
Received Import Request.
  Time since last request: 3.705255 seconds.
  path: Assets/Scripts/Obstaculos/Obstaculos.cs
  artifactKey: Guid(3fb0e7c6f23d1cc418526949f18af90b) Importer(815301076,1909f56bfc062723c751e8b465ee728b)
Start importing Assets/Scripts/Obstaculos/Obstaculos.cs using Guid(3fb0e7c6f23d1cc418526949f18af90b) Importer(815301076,1909f56bfc062723c751e8b465ee728b)  -> (artifact id: '71e0b3a4d97ecd2bcfb3b3d9cd7585b4') in 0.004361 seconds 
========================================================================
Received Import Request.
  Time since last request: 250.839730 seconds.
  path: Assets/Scripts/Obstaculos/Obstaculos.cs
  artifactKey: Guid(3fb0e7c6f23d1cc418526949f18af90b) Importer(815301076,1909f56bfc062723c751e8b465ee728b)
Start importing Assets/Scripts/Obstaculos/Obstaculos.cs using Guid(3fb0e7c6f23d1cc418526949f18af90b) Importer(815301076,1909f56bfc062723c751e8b465ee728b)  -> (artifact id: 'b3672682af528f79ebd03ee96398aa16') in 0.003621 seconds 
========================================================================
Received Import Request.
  Time since last request: 21.889788 seconds.
  path: Assets/Scripts/Obstaculos/Obstaculos.cs
  artifactKey: Guid(3fb0e7c6f23d1cc418526949f18af90b) Importer(815301076,1909f56bfc062723c751e8b465ee728b)
Start importing Assets/Scripts/Obstaculos/Obstaculos.cs using Guid(3fb0e7c6f23d1cc418526949f18af90b) Importer(815301076,1909f56bfc062723c751e8b465ee728b)  -> (artifact id: '924bc832c4985b1306995de3bf5f7777') in 0.004416 seconds 
========================================================================
Received Import Request.
  Time since last request: 26.610460 seconds.
  path: Assets/Scripts/Obstaculos/Obstaculos.cs
  artifactKey: Guid(3fb0e7c6f23d1cc418526949f18af90b) Importer(815301076,1909f56bfc062723c751e8b465ee728b)
Start importing Assets/Scripts/Obstaculos/Obstaculos.cs using Guid(3fb0e7c6f23d1cc418526949f18af90b) Importer(815301076,1909f56bfc062723c751e8b465ee728b)  -> (artifact id: '4c8d63b9c8e83a87a9093b9cc1001a32') in 0.004236 seconds 
========================================================================
Received Import Request.
  Time since last request: 20.127166 seconds.
  path: Assets/Scripts/Obstaculos/Obstaculos.cs
  artifactKey: Guid(3fb0e7c6f23d1cc418526949f18af90b) Importer(815301076,1909f56bfc062723c751e8b465ee728b)
Start importing Assets/Scripts/Obstaculos/Obstaculos.cs using Guid(3fb0e7c6f23d1cc418526949f18af90b) Importer(815301076,1909f56bfc062723c751e8b465ee728b)  -> (artifact id: '5d6a20a6061416cd160583f10ec6202f') in 0.004239 seconds 
========================================================================
Received Import Request.
  Time since last request: 14.798993 seconds.
  path: Assets/Scripts/Obstaculos/Obstaculos.cs
  artifactKey: Guid(3fb0e7c6f23d1cc418526949f18af90b) Importer(815301076,1909f56bfc062723c751e8b465ee728b)
Start importing Assets/Scripts/Obstaculos/Obstaculos.cs using Guid(3fb0e7c6f23d1cc418526949f18af90b) Importer(815301076,1909f56bfc062723c751e8b465ee728b)  -> (artifact id: '31327d6a1a3c410b27fec1c73a836ebe') in 0.004058 seconds 
========================================================================
Received Import Request.
  Time since last request: 1221.312019 seconds.
  path: Assets/Scripts/Obstaculos/Obstaculos.cs
  artifactKey: Guid(3fb0e7c6f23d1cc418526949f18af90b) Importer(815301076,1909f56bfc062723c751e8b465ee728b)
Start importing Assets/Scripts/Obstaculos/Obstaculos.cs using Guid(3fb0e7c6f23d1cc418526949f18af90b) Importer(815301076,1909f56bfc062723c751e8b465ee728b)  -> (artifact id: '47fd7382cf04e6f6c357ddfde0ab85d8') in 0.003224 seconds 
========================================================================
Received Import Request.
  Time since last request: 19.982784 seconds.
  path: Assets/Scripts/Obstaculos/Obstaculos.cs
  artifactKey: Guid(3fb0e7c6f23d1cc418526949f18af90b) Importer(815301076,1909f56bfc062723c751e8b465ee728b)
Start importing Assets/Scripts/Obstaculos/Obstaculos.cs using Guid(3fb0e7c6f23d1cc418526949f18af90b) Importer(815301076,1909f56bfc062723c751e8b465ee728b)  -> (artifact id: '2798d6dfa8b34eea605632a515a4c8c0') in 0.003636 seconds 
========================================================================
Received Import Request.
  Time since last request: 9.198591 seconds.
  path: Assets/Scripts/Obstaculos/Obstaculos.cs
  artifactKey: Guid(3fb0e7c6f23d1cc418526949f18af90b) Importer(815301076,1909f56bfc062723c751e8b465ee728b)
Start importing Assets/Scripts/Obstaculos/Obstaculos.cs using Guid(3fb0e7c6f23d1cc418526949f18af90b) Importer(815301076,1909f56bfc062723c751e8b465ee728b)  -> (artifact id: 'f471a9b6c83520316e1b62a15691b316') in 0.003049 seconds 
========================================================================
Received Import Request.
  Time since last request: 16.097125 seconds.
  path: Assets/Scripts/Obstaculos/Obstaculos.cs
  artifactKey: Guid(3fb0e7c6f23d1cc418526949f18af90b) Importer(815301076,1909f56bfc062723c751e8b465ee728b)
Start importing Assets/Scripts/Obstaculos/Obstaculos.cs using Guid(3fb0e7c6f23d1cc418526949f18af90b) Importer(815301076,1909f56bfc062723c751e8b465ee728b)  -> (artifact id: '9a7eb831536ebec2e7ed1166ea54ce4b') in 0.002862 seconds 
========================================================================
Received Import Request.
  Time since last request: 8.896405 seconds.
  path: Assets/Scripts/Obstaculos/Obstaculos.cs
  artifactKey: Guid(3fb0e7c6f23d1cc418526949f18af90b) Importer(815301076,1909f56bfc062723c751e8b465ee728b)
Start importing Assets/Scripts/Obstaculos/Obstaculos.cs using Guid(3fb0e7c6f23d1cc418526949f18af90b) Importer(815301076,1909f56bfc062723c751e8b465ee728b)  -> (artifact id: '7c889bc4cca31412f240becd88c1802d') in 0.003765 seconds 
========================================================================
Received Import Request.
  Time since last request: 2.896093 seconds.
  path: Assets/Scripts/Obstaculos/Obstaculos.cs
  artifactKey: Guid(3fb0e7c6f23d1cc418526949f18af90b) Importer(815301076,1909f56bfc062723c751e8b465ee728b)
Start importing Assets/Scripts/Obstaculos/Obstaculos.cs using Guid(3fb0e7c6f23d1cc418526949f18af90b) Importer(815301076,1909f56bfc062723c751e8b465ee728b)  -> (artifact id: '8b36ffbd41909ca7b0c05ea405eacbc3') in 0.003460 seconds 
========================================================================
Received Prepare
Registering precompiled user dll's ...
Registered in 0.012696 seconds.
Begin MonoManager ReloadAssembly
Symbol file LoadedFromMemory doesn't match image D:\NuevosRepositoriosGit\ARPP\Library\PackageCache\com.unity.visualscripting@1.8.0\Editor\VisualScripting.Core\Dependencies\YamlDotNet\Unity.VisualScripting.YamlDotNet.dll
Symbol file LoadedFromMemory doesn't match image D:\NuevosRepositoriosGit\ARPP\Library\PackageCache\com.unity.visualscripting@1.8.0\Editor\VisualScripting.Core\Dependencies\DotNetZip\Unity.VisualScripting.IonicZip.dll
Native extension for WindowsStandalone target not found
Native extension for Android target not found
Refreshing native plugins compatible for Editor in 0.80 ms, found 4 plugins.
Preloading 0 native plugins for Editor in 0.00 ms.
Mono: successfully reloaded assembly
- Completed reload, in  1.579 seconds
Domain Reload Profiling:
	ReloadAssembly (1580ms)
		BeginReloadAssembly (288ms)
			ExecutionOrderSort (0ms)
			DisableScriptedObjects (14ms)
			BackupInstance (0ms)
			ReleaseScriptingObjects (0ms)
			CreateAndSetChildDomain (77ms)
		EndReloadAssembly (1102ms)
			LoadAssemblies (222ms)
			RebuildTransferFunctionScriptingTraits (0ms)
			SetupTypeCache (347ms)
			ReleaseScriptCaches (2ms)
			RebuildScriptCaches (70ms)
			SetupLoadedEditorAssemblies (458ms)
				LogAssemblyErrors (0ms)
				InitializePlatformSupportModulesInManaged (32ms)
				SetLoadedEditorAssemblies (0ms)
				RefreshPlugins (1ms)
				BeforeProcessingInitializeOnLoad (95ms)
				ProcessInitializeOnLoadAttributes (278ms)
				ProcessInitializeOnLoadMethodAttributes (46ms)
				AfterProcessingInitializeOnLoad (5ms)
				EditorAssembliesLoaded (0ms)
			ExecutionOrderSort2 (0ms)
			AwakeInstancesAfterBackupRestoration (11ms)
Platform modules already initialized, skipping
Refreshing native plugins compatible for Editor in 5.22 ms, found 4 plugins.
Preloading 0 native plugins for Editor in 0.00 ms.
Unloading 3727 Unused Serialized files (Serialized files now loaded: 0)
Unloading 22 unused Assets / (24.6 KB). Loaded Objects now: 4221.
Memory consumption went from 142.5 MB to 142.5 MB.
Total: 5.939200 ms (FindLiveObjects: 0.429800 ms CreateObjectMapping: 0.344800 ms MarkObjects: 5.119000 ms  DeleteObjects: 0.043900 ms)

AssetImportParameters requested are different than current active one (requested -> active):
  custom:video-decoder-ogg-theora: a1e56fd34408186e4bbccfd4996cb3dc -> 
  custom:container-muxer-webm: aa71ff27fc2769a1b78a27578f13a17b -> 
  custom:container-demuxer-webm: 4f35f7cbe854078d1ac9338744f61a02 -> 
  custom:video-encoder-webm-vp8: eb34c28f22e8b96e1ab97ce403110664 -> 
  custom:audio-encoder-webm-vorbis: bf7c407c2cedff20999df2af8eb42d56 -> 
  custom:framework-win-MediaFoundation: 216162199b28c13a410421893ffa2e32 -> 
  custom:container-demuxer-ogg: 62fdf1f143b41e24485cea50d1cbac27 -> 
  custom:video-decoder-webm-vp8: 9c59270c3fd7afecdb556c50c9e8de78 -> 
  custom:audio-decoder-ogg-vorbis: bf7c407c2cedff20999df2af8eb42d56 -> 
